[0.021s] Invoking command in '/home/kobe/workSpace/ros_WS/vipar_ws/build/vipar_driver': CMAKE_PREFIX_PATH=${CMAKE_PREFIX_PATH}:/home/kobe/workSpace/ros_WS/moveit2_ws/install/moveit_configs_utils:/home/kobe/workSpace/ros_WS/moveit2_ws/install/launch_param_builder:/opt/ros/humble /usr/bin/cmake /home/kobe/workSpace/ros_WS/vipar_ws/src/vipar_driver -DAMENT_CMAKE_SYMLINK_INSTALL=1 -DCMAKE_INSTALL_PREFIX=/home/kobe/workSpace/ros_WS/vipar_ws/install/vipar_driver
[0.281s] -- The C compiler identification is GNU 11.4.0
[0.422s] -- The CXX compiler identification is GNU 11.4.0
[0.438s] -- Detecting C compiler ABI info
[0.533s] -- Detecting C compiler ABI info - done
[0.540s] -- Check for working C compiler: /usr/bin/cc - skipped
[0.541s] -- Detecting C compile features
[0.542s] -- Detecting C compile features - done
[0.546s] -- Detecting CXX compiler ABI info
[0.652s] -- Detecting CXX compiler ABI info - done
[0.660s] -- Check for working CXX compiler: /usr/bin/c++ - skipped
[0.660s] -- Detecting CXX compile features
[0.660s] -- Detecting CXX compile features - done
[0.669s] -- Found ament_cmake: 1.3.10 (/opt/ros/humble/share/ament_cmake/cmake)
[0.833s] -- Found Python3: /usr/bin/python3 (found version "3.10.12") found components: Interpreter 
[0.900s] -- Override CMake install command with custom implementation using symlinks instead of copying resources
[0.992s] -- Found rclpy: 3.3.14 (/opt/ros/humble/share/rclpy/cmake)
[0.997s] -- Found sensor_msgs: 4.2.4 (/opt/ros/humble/share/sensor_msgs/cmake)
[1.076s] -- Found rosidl_generator_c: 3.1.5 (/opt/ros/humble/share/rosidl_generator_c/cmake)
[1.088s] -- Found rosidl_adapter: 3.1.5 (/opt/ros/humble/share/rosidl_adapter/cmake)
[1.105s] -- Found rosidl_generator_cpp: 3.1.5 (/opt/ros/humble/share/rosidl_generator_cpp/cmake)
[1.131s] -- Using all available rosidl_typesupport_c: rosidl_typesupport_fastrtps_c;rosidl_typesupport_introspection_c
[1.165s] -- Using all available rosidl_typesupport_cpp: rosidl_typesupport_fastrtps_cpp;rosidl_typesupport_introspection_cpp
[1.258s] -- Found tf2_ros: 0.25.8 (/opt/ros/humble/share/tf2_ros/cmake)
[1.424s] -- Found rmw_implementation_cmake: 6.1.2 (/opt/ros/humble/share/rmw_implementation_cmake/cmake)
[1.434s] -- Found rmw_fastrtps_cpp: 6.2.7 (/opt/ros/humble/share/rmw_fastrtps_cpp/cmake)
[1.619s] -- Found OpenSSL: /usr/lib/x86_64-linux-gnu/libcrypto.so (found version "3.0.2")  
[1.654s] -- Found FastRTPS: /opt/ros/humble/include  
[1.704s] -- Using RMW implementation 'rmw_fastrtps_cpp' as default
[1.726s] -- Looking for pthread.h
[1.837s] -- Looking for pthread.h - found
[1.838s] -- Performing Test CMAKE_HAVE_LIBC_PTHREAD
[1.949s] -- Performing Test CMAKE_HAVE_LIBC_PTHREAD - Success
[1.950s] -- Found Threads: TRUE  
[2.129s] -- Found ament_lint_auto: 0.12.11 (/opt/ros/humble/share/ament_lint_auto/cmake)
[2.240s] -- Added test 'cppcheck' to perform static code analysis on C / C++ code
[2.240s] -- Configured cppcheck include dirs: $<BUILD_INTERFACE:/home/kobe/workSpace/ros_WS/vipar_ws/src/vipar_driver/include>
[2.240s] -- Configured cppcheck exclude dirs and/or files: 
[2.242s] -- Added test 'lint_cmake' to check CMake code style
[2.244s] -- Added test 'uncrustify' to check C / C++ code style
[2.244s] -- Configured uncrustify additional arguments: 
[2.245s] -- Added test 'xmllint' to check XML markup files
[2.249s] -- Configuring done
[2.257s] -- Generating done
[2.258s] -- Build files have been written to: /home/kobe/workSpace/ros_WS/vipar_ws/build/vipar_driver
[2.267s] Invoked command in '/home/kobe/workSpace/ros_WS/vipar_ws/build/vipar_driver' returned '0': CMAKE_PREFIX_PATH=${CMAKE_PREFIX_PATH}:/home/kobe/workSpace/ros_WS/moveit2_ws/install/moveit_configs_utils:/home/kobe/workSpace/ros_WS/moveit2_ws/install/launch_param_builder:/opt/ros/humble /usr/bin/cmake /home/kobe/workSpace/ros_WS/vipar_ws/src/vipar_driver -DAMENT_CMAKE_SYMLINK_INSTALL=1 -DCMAKE_INSTALL_PREFIX=/home/kobe/workSpace/ros_WS/vipar_ws/install/vipar_driver
[2.269s] Invoking command in '/home/kobe/workSpace/ros_WS/vipar_ws/build/vipar_driver': CMAKE_PREFIX_PATH=${CMAKE_PREFIX_PATH}:/home/kobe/workSpace/ros_WS/moveit2_ws/install/moveit_configs_utils:/home/kobe/workSpace/ros_WS/moveit2_ws/install/launch_param_builder:/opt/ros/humble /usr/bin/cmake --build /home/kobe/workSpace/ros_WS/vipar_ws/build/vipar_driver -- -j12 -l12
[2.341s] [ 50%] [32mBuilding CXX object CMakeFiles/mpu6050.dir/src/mpu6050.cpp.o[0m
[2.398s] [100%] [32m[1mLinking CXX executable mpu6050[0m
[2.584s] [100%] Built target mpu6050
[2.598s] Invoked command in '/home/kobe/workSpace/ros_WS/vipar_ws/build/vipar_driver' returned '0': CMAKE_PREFIX_PATH=${CMAKE_PREFIX_PATH}:/home/kobe/workSpace/ros_WS/moveit2_ws/install/moveit_configs_utils:/home/kobe/workSpace/ros_WS/moveit2_ws/install/launch_param_builder:/opt/ros/humble /usr/bin/cmake --build /home/kobe/workSpace/ros_WS/vipar_ws/build/vipar_driver -- -j12 -l12
[2.687s] Invoking command in '/home/kobe/workSpace/ros_WS/vipar_ws/build/vipar_driver': CMAKE_PREFIX_PATH=${CMAKE_PREFIX_PATH}:/home/kobe/workSpace/ros_WS/moveit2_ws/install/moveit_configs_utils:/home/kobe/workSpace/ros_WS/moveit2_ws/install/launch_param_builder:/opt/ros/humble /usr/bin/cmake --install /home/kobe/workSpace/ros_WS/vipar_ws/build/vipar_driver
[2.695s] -- Install configuration: ""
[2.696s] -- Execute custom install script
[2.696s] -- Symlinking: /home/kobe/workSpace/ros_WS/vipar_ws/install/vipar_driver/lib/vipar_driver/mpu6050
[2.707s] -- Symlinking: /home/kobe/workSpace/ros_WS/vipar_ws/install/vipar_driver/share/ament_index/resource_index/package_run_dependencies/vipar_driver
[2.719s] -- Symlinking: /home/kobe/workSpace/ros_WS/vipar_ws/install/vipar_driver/share/ament_index/resource_index/parent_prefix_path/vipar_driver
[2.729s] -- Symlinking: /home/kobe/workSpace/ros_WS/vipar_ws/install/vipar_driver/share/vipar_driver/environment/ament_prefix_path.sh
[2.742s] -- Symlinking: /home/kobe/workSpace/ros_WS/vipar_ws/install/vipar_driver/share/vipar_driver/environment/ament_prefix_path.dsv
[2.753s] -- Symlinking: /home/kobe/workSpace/ros_WS/vipar_ws/install/vipar_driver/share/vipar_driver/environment/path.sh
[2.765s] -- Symlinking: /home/kobe/workSpace/ros_WS/vipar_ws/install/vipar_driver/share/vipar_driver/environment/path.dsv
[2.779s] -- Symlinking: /home/kobe/workSpace/ros_WS/vipar_ws/install/vipar_driver/share/vipar_driver/local_setup.bash
[2.792s] -- Symlinking: /home/kobe/workSpace/ros_WS/vipar_ws/install/vipar_driver/share/vipar_driver/local_setup.sh
[2.804s] -- Symlinking: /home/kobe/workSpace/ros_WS/vipar_ws/install/vipar_driver/share/vipar_driver/local_setup.zsh
[2.816s] -- Symlinking: /home/kobe/workSpace/ros_WS/vipar_ws/install/vipar_driver/share/vipar_driver/local_setup.dsv
[2.827s] -- Symlinking: /home/kobe/workSpace/ros_WS/vipar_ws/install/vipar_driver/share/vipar_driver/package.dsv
[2.840s] -- Symlinking: /home/kobe/workSpace/ros_WS/vipar_ws/install/vipar_driver/share/ament_index/resource_index/packages/vipar_driver
[2.852s] -- Symlinking: /home/kobe/workSpace/ros_WS/vipar_ws/install/vipar_driver/share/vipar_driver/cmake/vipar_driverConfig.cmake
[2.862s] -- Symlinking: /home/kobe/workSpace/ros_WS/vipar_ws/install/vipar_driver/share/vipar_driver/cmake/vipar_driverConfig-version.cmake
[2.872s] -- Symlinking: /home/kobe/workSpace/ros_WS/vipar_ws/install/vipar_driver/share/vipar_driver/package.xml
[2.884s] Invoked command in '/home/kobe/workSpace/ros_WS/vipar_ws/build/vipar_driver' returned '0': CMAKE_PREFIX_PATH=${CMAKE_PREFIX_PATH}:/home/kobe/workSpace/ros_WS/moveit2_ws/install/moveit_configs_utils:/home/kobe/workSpace/ros_WS/moveit2_ws/install/launch_param_builder:/opt/ros/humble /usr/bin/cmake --install /home/kobe/workSpace/ros_WS/vipar_ws/build/vipar_driver
