[0.159s] DEBUG:colcon:Command line arguments: ['/usr/bin/colcon', 'list', '-p', '--base-paths', '/home/kobe/workSpace/ros_WS/vipar_ws']
[0.159s] DEBUG:colcon:Parsed command line arguments: Namespace(log_base=None, log_level=None, verb_name='list', build_base='build', ignore_user_meta=False, metas=['./colcon.meta'], base_paths=['/home/kobe/workSpace/ros_WS/vipar_ws'], packages_ignore=None, packages_ignore_regex=None, paths=None, packages_up_to=None, packages_up_to_regex=None, packages_above=None, packages_above_and_dependencies=None, packages_above_depth=None, packages_select_by_dep=None, packages_skip_by_dep=None, packages_skip_up_to=None, packages_select_build_failed=False, packages_skip_build_finished=False, packages_select_test_failures=False, packages_skip_test_passed=False, packages_select=None, packages_skip=None, packages_select_regex=None, packages_skip_regex=None, packages_start=None, packages_end=None, allow_overriding=[], topological_order=False, names_only=False, paths_only=True, topological_graph=False, topological_graph_dot=False, topological_graph_density=False, topological_graph_legend=False, topological_graph_dot_cluster=False, topological_graph_dot_include_skipped=False, mixin_files=None, mixin=None, verb_parser=<colcon_mixin.mixin.mixin_argument.MixinArgumentDecorator object at 0x7f9a29d61210>, verb_extension=<colcon_package_information.verb.list.ListVerb object at 0x7f9a29d600a0>, main=<bound method ListVerb.main of <colcon_package_information.verb.list.ListVerb object at 0x7f9a29d600a0>>, mixin_verb=('list',))
[0.464s] Level 1:colcon.colcon_core.package_discovery:discover_packages(colcon_meta) check parameters
[0.464s] Level 1:colcon.colcon_core.package_discovery:discover_packages(recursive) check parameters
[0.464s] Level 1:colcon.colcon_core.package_discovery:discover_packages(ignore) check parameters
[0.464s] Level 1:colcon.colcon_core.package_discovery:discover_packages(path) check parameters
[0.465s] Level 1:colcon.colcon_core.package_discovery:discover_packages(recursive) discover
[0.465s] INFO:colcon.colcon_core.package_discovery:Crawling recursively for packages in '/home/kobe/workSpace/ros_WS/vipar_ws'
[0.465s] Level 1:colcon.colcon_core.package_identification:_identify(/home/kobe/workSpace/ros_WS/vipar_ws) by extensions ['ignore', 'ignore_ament_install']
[0.465s] Level 1:colcon.colcon_core.package_identification:_identify(/home/kobe/workSpace/ros_WS/vipar_ws) by extension 'ignore'
[0.465s] Level 1:colcon.colcon_core.package_identification:_identify(/home/kobe/workSpace/ros_WS/vipar_ws) by extension 'ignore_ament_install'
[0.465s] Level 1:colcon.colcon_core.package_identification:_identify(/home/kobe/workSpace/ros_WS/vipar_ws) by extensions ['colcon_pkg']
[0.465s] Level 1:colcon.colcon_core.package_identification:_identify(/home/kobe/workSpace/ros_WS/vipar_ws) by extension 'colcon_pkg'
[0.465s] Level 1:colcon.colcon_core.package_identification:_identify(/home/kobe/workSpace/ros_WS/vipar_ws) by extensions ['colcon_meta']
[0.465s] Level 1:colcon.colcon_core.package_identification:_identify(/home/kobe/workSpace/ros_WS/vipar_ws) by extension 'colcon_meta'
[0.465s] Level 1:colcon.colcon_core.package_identification:_identify(/home/kobe/workSpace/ros_WS/vipar_ws) by extensions ['ros']
[0.465s] Level 1:colcon.colcon_core.package_identification:_identify(/home/kobe/workSpace/ros_WS/vipar_ws) by extension 'ros'
[0.497s] Level 1:colcon.colcon_core.package_identification:_identify(/home/kobe/workSpace/ros_WS/vipar_ws) by extensions ['cmake', 'python']
[0.497s] Level 1:colcon.colcon_core.package_identification:_identify(/home/kobe/workSpace/ros_WS/vipar_ws) by extension 'cmake'
[0.497s] Level 1:colcon.colcon_core.package_identification:_identify(/home/kobe/workSpace/ros_WS/vipar_ws) by extension 'python'
[0.497s] Level 1:colcon.colcon_core.package_identification:_identify(/home/kobe/workSpace/ros_WS/vipar_ws) by extensions ['python_setup_py']
[0.497s] Level 1:colcon.colcon_core.package_identification:_identify(/home/kobe/workSpace/ros_WS/vipar_ws) by extension 'python_setup_py'
[0.497s] Level 1:colcon.colcon_core.package_identification:_identify(/home/kobe/workSpace/ros_WS/vipar_ws/build) by extensions ['ignore', 'ignore_ament_install']
[0.497s] Level 1:colcon.colcon_core.package_identification:_identify(/home/kobe/workSpace/ros_WS/vipar_ws/build) by extension 'ignore'
[0.498s] Level 1:colcon.colcon_core.package_identification:_identify(/home/kobe/workSpace/ros_WS/vipar_ws/build) ignored
[0.498s] Level 1:colcon.colcon_core.package_identification:_identify(/home/kobe/workSpace/ros_WS/vipar_ws/install) by extensions ['ignore', 'ignore_ament_install']
[0.498s] Level 1:colcon.colcon_core.package_identification:_identify(/home/kobe/workSpace/ros_WS/vipar_ws/install) by extension 'ignore'
[0.498s] Level 1:colcon.colcon_core.package_identification:_identify(/home/kobe/workSpace/ros_WS/vipar_ws/install) ignored
[0.498s] Level 1:colcon.colcon_core.package_identification:_identify(/home/kobe/workSpace/ros_WS/vipar_ws/log) by extensions ['ignore', 'ignore_ament_install']
[0.498s] Level 1:colcon.colcon_core.package_identification:_identify(/home/kobe/workSpace/ros_WS/vipar_ws/log) by extension 'ignore'
[0.498s] Level 1:colcon.colcon_core.package_identification:_identify(/home/kobe/workSpace/ros_WS/vipar_ws/log) ignored
[0.498s] Level 1:colcon.colcon_core.package_identification:_identify(/home/kobe/workSpace/ros_WS/vipar_ws/src) by extensions ['ignore', 'ignore_ament_install']
[0.498s] Level 1:colcon.colcon_core.package_identification:_identify(/home/kobe/workSpace/ros_WS/vipar_ws/src) by extension 'ignore'
[0.499s] Level 1:colcon.colcon_core.package_identification:_identify(/home/kobe/workSpace/ros_WS/vipar_ws/src) by extension 'ignore_ament_install'
[0.499s] Level 1:colcon.colcon_core.package_identification:_identify(/home/kobe/workSpace/ros_WS/vipar_ws/src) by extensions ['colcon_pkg']
[0.499s] Level 1:colcon.colcon_core.package_identification:_identify(/home/kobe/workSpace/ros_WS/vipar_ws/src) by extension 'colcon_pkg'
[0.499s] Level 1:colcon.colcon_core.package_identification:_identify(/home/kobe/workSpace/ros_WS/vipar_ws/src) by extensions ['colcon_meta']
[0.499s] Level 1:colcon.colcon_core.package_identification:_identify(/home/kobe/workSpace/ros_WS/vipar_ws/src) by extension 'colcon_meta'
[0.499s] Level 1:colcon.colcon_core.package_identification:_identify(/home/kobe/workSpace/ros_WS/vipar_ws/src) by extensions ['ros']
[0.499s] Level 1:colcon.colcon_core.package_identification:_identify(/home/kobe/workSpace/ros_WS/vipar_ws/src) by extension 'ros'
[0.499s] Level 1:colcon.colcon_core.package_identification:_identify(/home/kobe/workSpace/ros_WS/vipar_ws/src) by extensions ['cmake', 'python']
[0.499s] Level 1:colcon.colcon_core.package_identification:_identify(/home/kobe/workSpace/ros_WS/vipar_ws/src) by extension 'cmake'
[0.499s] Level 1:colcon.colcon_core.package_identification:_identify(/home/kobe/workSpace/ros_WS/vipar_ws/src) by extension 'python'
[0.499s] Level 1:colcon.colcon_core.package_identification:_identify(/home/kobe/workSpace/ros_WS/vipar_ws/src) by extensions ['python_setup_py']
[0.499s] Level 1:colcon.colcon_core.package_identification:_identify(/home/kobe/workSpace/ros_WS/vipar_ws/src) by extension 'python_setup_py'
[0.499s] Level 1:colcon.colcon_core.package_identification:_identify(/home/kobe/workSpace/ros_WS/vipar_ws/src/vipar_bringup) by extensions ['ignore', 'ignore_ament_install']
[0.500s] Level 1:colcon.colcon_core.package_identification:_identify(/home/kobe/workSpace/ros_WS/vipar_ws/src/vipar_bringup) by extension 'ignore'
[0.500s] Level 1:colcon.colcon_core.package_identification:_identify(/home/kobe/workSpace/ros_WS/vipar_ws/src/vipar_bringup) by extension 'ignore_ament_install'
[0.500s] Level 1:colcon.colcon_core.package_identification:_identify(/home/kobe/workSpace/ros_WS/vipar_ws/src/vipar_bringup) by extensions ['colcon_pkg']
[0.500s] Level 1:colcon.colcon_core.package_identification:_identify(/home/kobe/workSpace/ros_WS/vipar_ws/src/vipar_bringup) by extension 'colcon_pkg'
[0.500s] Level 1:colcon.colcon_core.package_identification:_identify(/home/kobe/workSpace/ros_WS/vipar_ws/src/vipar_bringup) by extensions ['colcon_meta']
[0.500s] Level 1:colcon.colcon_core.package_identification:_identify(/home/kobe/workSpace/ros_WS/vipar_ws/src/vipar_bringup) by extension 'colcon_meta'
[0.500s] Level 1:colcon.colcon_core.package_identification:_identify(/home/kobe/workSpace/ros_WS/vipar_ws/src/vipar_bringup) by extensions ['ros']
[0.500s] Level 1:colcon.colcon_core.package_identification:_identify(/home/kobe/workSpace/ros_WS/vipar_ws/src/vipar_bringup) by extension 'ros'
[0.504s] DEBUG:colcon.colcon_core.package_identification:Package '/home/kobe/workSpace/ros_WS/vipar_ws/src/vipar_bringup' with type 'ros.ament_cmake' and name 'vipar_bringup'
[0.505s] Level 1:colcon.colcon_core.package_identification:_identify(/home/kobe/workSpace/ros_WS/vipar_ws/src/vipar_driver) by extensions ['ignore', 'ignore_ament_install']
[0.505s] Level 1:colcon.colcon_core.package_identification:_identify(/home/kobe/workSpace/ros_WS/vipar_ws/src/vipar_driver) by extension 'ignore'
[0.505s] Level 1:colcon.colcon_core.package_identification:_identify(/home/kobe/workSpace/ros_WS/vipar_ws/src/vipar_driver) by extension 'ignore_ament_install'
[0.505s] Level 1:colcon.colcon_core.package_identification:_identify(/home/kobe/workSpace/ros_WS/vipar_ws/src/vipar_driver) by extensions ['colcon_pkg']
[0.505s] Level 1:colcon.colcon_core.package_identification:_identify(/home/kobe/workSpace/ros_WS/vipar_ws/src/vipar_driver) by extension 'colcon_pkg'
[0.505s] Level 1:colcon.colcon_core.package_identification:_identify(/home/kobe/workSpace/ros_WS/vipar_ws/src/vipar_driver) by extensions ['colcon_meta']
[0.505s] Level 1:colcon.colcon_core.package_identification:_identify(/home/kobe/workSpace/ros_WS/vipar_ws/src/vipar_driver) by extension 'colcon_meta'
[0.505s] Level 1:colcon.colcon_core.package_identification:_identify(/home/kobe/workSpace/ros_WS/vipar_ws/src/vipar_driver) by extensions ['ros']
[0.505s] Level 1:colcon.colcon_core.package_identification:_identify(/home/kobe/workSpace/ros_WS/vipar_ws/src/vipar_driver) by extension 'ros'
[0.507s] DEBUG:colcon.colcon_core.package_identification:Package '/home/kobe/workSpace/ros_WS/vipar_ws/src/vipar_driver' with type 'ros.ament_python' and name 'vipar_driver'
[0.507s] Level 1:colcon.colcon_core.package_discovery:discover_packages(recursive) using defaults
